<?xml version="1.0" encoding="UTF-8"?>
<testsuite xmlns:xsi="http://www.w3.org/2001/XMLSchema-instance" xsi:noNamespaceSchemaLocation="https://maven.apache.org/surefire/maven-surefire-plugin/xsd/surefire-test-report.xsd" name="com.quest.continents.country.flag.poc.repository.ContinentRepositoryTest" time="0" tests="1" errors="0" skipped="1" failures="0">
  <properties>
[...]
</properties>
  <testcase name="testExists" classname="com.quest.continents.country.flag.poc.repository.ContinentRepositoryTest" time="0">
    <skipped/>
    <system-out><![CDATA[2019-09-19 19:47:34.238  INFO 23028 --- [           main] o.s.t.c.support.AbstractContextLoader    : Could not detect default resource locations for test class [com.quest.continents.country.flag.poc.repository.ContinentRepositoryTest]: no resource found for suffixes {-context.xml, Context.groovy}.
2019-09-19 19:47:34.242  INFO 23028 --- [           main] .b.t.c.SpringBootTestContextBootstrapper : Loaded default TestExecutionListener class names from location [META-INF/spring.factories]: [org.springframework.boot.test.mock.mockito.MockitoTestExecutionListener, org.springframework.boot.test.mock.mockito.ResetMocksTestExecutionListener, org.springframework.boot.test.autoconfigure.restdocs.RestDocsTestExecutionListener, org.springframework.boot.test.autoconfigure.web.client.MockRestServiceServerResetTestExecutionListener, org.springframework.boot.test.autoconfigure.web.servlet.MockMvcPrintOnlyOnFailureTestExecutionListener, org.springframework.boot.test.autoconfigure.web.servlet.WebDriverTestExecutionListener, org.springframework.test.context.web.ServletTestExecutionListener, org.springframework.test.context.support.DirtiesContextBeforeModesTestExecutionListener, org.springframework.test.context.support.DependencyInjectionTestExecutionListener, org.springframework.test.context.support.DirtiesContextTestExecutionListener, org.springframework.test.context.transaction.TransactionalTestExecutionListener, org.springframework.test.context.jdbc.SqlScriptsTestExecutionListener]
2019-09-19 19:47:34.243  INFO 23028 --- [           main] .b.t.c.SpringBootTestContextBootstrapper : Using TestExecutionListeners: [org.springframework.test.context.web.ServletTestExecutionListener@69f080ad, org.springframework.test.context.support.DirtiesContextBeforeModesTestExecutionListener@6568f998, org.springframework.boot.test.mock.mockito.MockitoTestExecutionListener@45d4421d, org.springframework.boot.test.autoconfigure.SpringBootDependencyInjectionTestExecutionListener@782fd504, org.springframework.test.context.support.DirtiesContextTestExecutionListener@1537c744, org.springframework.test.context.transaction.TransactionalTestExecutionListener@37314843, org.springframework.test.context.jdbc.SqlScriptsTestExecutionListener@50122012, org.springframework.boot.test.mock.mockito.ResetMocksTestExecutionListener@569348e1, org.springframework.boot.test.autoconfigure.restdocs.RestDocsTestExecutionListener@7db5b890, org.springframework.boot.test.autoconfigure.web.client.MockRestServiceServerResetTestExecutionListener@407b8435, org.springframework.boot.test.autoconfigure.web.servlet.MockMvcPrintOnlyOnFailureTestExecutionListener@1282e98, org.springframework.boot.test.autoconfigure.web.servlet.WebDriverTestExecutionListener@4db0ba1c]
]]></system-out>
  </testcase>
</testsuite>